0 info it worked if it ends with ok
1 verbose cli [ '/usr/bin/node', '/usr/bin/npm', 'start' ]
2 info using npm@3.10.10
3 info using node@v6.12.3
4 verbose run-script [ 'prestart', 'start', 'poststart' ]
5 info lifecycle chatassistant@0.0.0~prestart: chatassistant@0.0.0
6 silly lifecycle chatassistant@0.0.0~prestart: no script for prestart, continuing
7 info lifecycle chatassistant@0.0.0~start: chatassistant@0.0.0
8 verbose lifecycle chatassistant@0.0.0~start: unsafe-perm in lifecycle true
9 verbose lifecycle chatassistant@0.0.0~start: PATH: /usr/lib/node_modules/npm/bin/node-gyp-bin:/mnt/d6a0bbb0-cc1a-445f-b2e9-06cc5a48d593/Workspace/TheYoBot/node_modules/.bin:/usr/local/bin:/usr/bin:/bin:/usr/local/games:/usr/games
10 verbose lifecycle chatassistant@0.0.0~start: CWD: /mnt/d6a0bbb0-cc1a-445f-b2e9-06cc5a48d593/Workspace/TheYoBot
11 silly lifecycle chatassistant@0.0.0~start: Args: [ '-c', 'npm-run-all -p client server' ]
12 silly lifecycle chatassistant@0.0.0~start: Returned: code: 1  signal: null
13 info lifecycle chatassistant@0.0.0~start: Failed to exec start script
14 verbose stack Error: chatassistant@0.0.0 start: `npm-run-all -p client server`
14 verbose stack Exit status 1
14 verbose stack     at EventEmitter.<anonymous> (/usr/lib/node_modules/npm/lib/utils/lifecycle.js:255:16)
14 verbose stack     at emitTwo (events.js:106:13)
14 verbose stack     at EventEmitter.emit (events.js:191:7)
14 verbose stack     at ChildProcess.<anonymous> (/usr/lib/node_modules/npm/lib/utils/spawn.js:40:14)
14 verbose stack     at emitTwo (events.js:106:13)
14 verbose stack     at ChildProcess.emit (events.js:191:7)
14 verbose stack     at maybeClose (internal/child_process.js:920:16)
14 verbose stack     at Process.ChildProcess._handle.onexit (internal/child_process.js:230:5)
15 verbose pkgid chatassistant@0.0.0
16 verbose cwd /mnt/d6a0bbb0-cc1a-445f-b2e9-06cc5a48d593/Workspace/TheYoBot
17 error Linux 4.14.0-kali3-amd64
18 error argv "/usr/bin/node" "/usr/bin/npm" "start"
19 error node v6.12.3
20 error npm  v3.10.10
21 error code ELIFECYCLE
22 error chatassistant@0.0.0 start: `npm-run-all -p client server`
22 error Exit status 1
23 error Failed at the chatassistant@0.0.0 start script 'npm-run-all -p client server'.
23 error Make sure you have the latest version of node.js and npm installed.
23 error If you do, this is most likely a problem with the chatassistant package,
23 error not with npm itself.
23 error Tell the author that this fails on your system:
23 error     npm-run-all -p client server
23 error You can get information on how to open an issue for this project with:
23 error     npm bugs chatassistant
23 error Or if that isn't available, you can get their info via:
23 error     npm owner ls chatassistant
23 error There is likely additional logging output above.
24 verbose exit [ 1, true ]
